::1 - - [12/Mar/2023:17:53:11 +0000] "POST /api/register HTTP/1.1" 500 1343 "-" "PostmanRuntime/7.29.2"
::1 - - [12/Mar/2023:17:58:34 +0000] "POST /api/register HTTP/1.1" 500 1343 "-" "PostmanRuntime/7.29.2"
::1 - - [12/Mar/2023:17:58:49 +0000] "POST /api/register HTTP/1.1" 500 1343 "-" "PostmanRuntime/7.29.2"
::1 - - [12/Mar/2023:17:59:41 +0000] "POST /api/register HTTP/1.1" 500 1343 "-" "PostmanRuntime/7.29.2"
::1 - - [12/Mar/2023:18:00:31 +0000] "POST /api/users/register HTTP/1.1" 200 42 "-" "PostmanRuntime/7.29.2"
::1 - - [12/Mar/2023:18:03:57 +0000] "POST /api/users/login HTTP/1.1" 200 193 "-" "PostmanRuntime/7.29.2"
::1 - - [12/Mar/2023:18:04:04 +0000] "POST /api/users/login HTTP/1.1" 400 28 "-" "PostmanRuntime/7.29.2"
::1 - - [12/Mar/2023:18:04:09 +0000] "POST /api/users/login HTTP/1.1" 200 193 "-" "PostmanRuntime/7.29.2"
::1 - - [12/Mar/2023:18:08:38 +0000] "POST /api/users/login HTTP/1.1" 200 193 "-" "PostmanRuntime/7.29.2"
::1 - - [12/Mar/2023:18:09:16 +0000] "POST /api/users/login HTTP/1.1" 200 193 "-" "PostmanRuntime/7.29.2"
::1 - - [12/Mar/2023:18:09:23 +0000] "POST /api/users/login HTTP/1.1" 400 28 "-" "PostmanRuntime/7.29.2"
::1 - - [12/Mar/2023:18:09:33 +0000] "POST /api/users/login HTTP/1.1" 200 193 "-" "PostmanRuntime/7.29.2"
::1 - - [12/Mar/2023:18:12:36 +0000] "POST /api/users/login HTTP/1.1" 200 193 "-" "PostmanRuntime/7.29.2"
::1 - - [12/Mar/2023:18:12:41 +0000] "POST /api/users/login HTTP/1.1" 400 28 "-" "PostmanRuntime/7.29.2"
::1 - - [12/Mar/2023:18:12:45 +0000] "POST /api/users/login HTTP/1.1" 200 193 "-" "PostmanRuntime/7.29.2"
::1 - - [12/Mar/2023:18:13:23 +0000] "POST /api/users/login HTTP/1.1" 200 179 "-" "PostmanRuntime/7.29.2"
::1 - - [12/Mar/2023:18:13:32 +0000] "POST /api/users/login HTTP/1.1" 200 5 "-" "PostmanRuntime/7.29.2"
::1 - - [12/Mar/2023:18:13:36 +0000] "POST /api/users/login HTTP/1.1" 200 179 "-" "PostmanRuntime/7.29.2"
::1 - - [12/Mar/2023:18:15:22 +0000] "POST /api/users/login HTTP/1.1" 200 5 "-" "PostmanRuntime/7.29.2"
::1 - - [12/Mar/2023:18:15:27 +0000] "POST /api/users/login HTTP/1.1" 200 179 "-" "PostmanRuntime/7.29.2"
::1 - - [12/Mar/2023:18:18:29 +0000] "POST /api/users/login HTTP/1.1" 200 179 "-" "PostmanRuntime/7.29.2"
::1 - - [12/Mar/2023:18:18:33 +0000] "POST /api/users/login HTTP/1.1" 200 5 "-" "PostmanRuntime/7.29.2"
::1 - - [12/Mar/2023:18:18:52 +0000] "POST /api/users/login HTTP/1.1" 200 179 "-" "PostmanRuntime/7.29.2"
::1 - - [12/Mar/2023:18:18:57 +0000] "POST /api/users/login HTTP/1.1" 200 - "-" "PostmanRuntime/7.29.2"
::1 - - [12/Mar/2023:18:19:03 +0000] "POST /api/users/login HTTP/1.1" 200 179 "-" "PostmanRuntime/7.29.2"
::1 - - [12/Mar/2023:18:19:08 +0000] "POST /api/users/login HTTP/1.1" 200 - "-" "PostmanRuntime/7.29.2"
::1 - - [12/Mar/2023:18:39:46 +0000] "POST /api/users/login HTTP/1.1" 200 193 "-" "PostmanRuntime/7.29.2"
::1 - - [12/Mar/2023:18:39:51 +0000] "POST /api/users/login HTTP/1.1" 200 19 "-" "PostmanRuntime/7.29.2"
::1 - - [12/Mar/2023:18:39:56 +0000] "POST /api/users/login HTTP/1.1" 200 193 "-" "PostmanRuntime/7.29.2"
::1 - - [12/Mar/2023:18:46:48 +0000] "POST /api/users/login HTTP/1.1" 200 193 "-" "PostmanRuntime/7.29.2"
::1 - - [12/Mar/2023:18:46:53 +0000] "POST /api/users/login HTTP/1.1" 200 19 "-" "PostmanRuntime/7.29.2"
::1 - - [12/Mar/2023:18:55:05 +0000] "POST /api/users/login HTTP/1.1" 200 7 "-" "PostmanRuntime/7.29.2"
::1 - - [12/Mar/2023:18:55:12 +0000] "POST /api/users/login HTTP/1.1" 200 188 "-" "PostmanRuntime/7.29.2"
::1 - - [12/Mar/2023:18:55:39 +0000] "POST /api/users/login HTTP/1.1" 200 179 "-" "PostmanRuntime/7.29.2"
::1 - - [12/Mar/2023:18:56:26 +0000] "POST /api/users/login HTTP/1.1" 200 7 "-" "PostmanRuntime/7.29.2"
::1 - - [12/Mar/2023:18:56:34 +0000] "POST /api/users/login HTTP/1.1" 200 179 "-" "PostmanRuntime/7.29.2"
::1 - - [12/Mar/2023:19:01:25 +0000] "POST /api/users/login HTTP/1.1" 200 179 "-" "PostmanRuntime/7.29.2"
::1 - - [12/Mar/2023:19:01:29 +0000] "POST /api/users/login HTTP/1.1" 200 7 "-" "PostmanRuntime/7.29.2"
::1 - - [12/Mar/2023:19:01:42 +0000] "POST /api/users/login HTTP/1.1" 200 7 "-" "PostmanRuntime/7.29.2"
::1 - - [12/Mar/2023:19:01:55 +0000] "POST /api/users/login HTTP/1.1" 400 16 "-" "PostmanRuntime/7.29.2"
::1 - - [12/Mar/2023:19:02:01 +0000] "POST /api/users/login HTTP/1.1" 200 179 "-" "PostmanRuntime/7.29.2"
::1 - - [13/Mar/2023:11:04:46 +0000] "GET /api/users/me HTTP/1.1" 401 50 "-" "PostmanRuntime/7.29.2"
::1 - - [13/Mar/2023:11:05:07 +0000] "POST /api/users/login HTTP/1.1" 400 28 "-" "PostmanRuntime/7.29.2"
::1 - - [13/Mar/2023:11:05:12 +0000] "POST /api/users/login HTTP/1.1" 200 179 "-" "PostmanRuntime/7.29.2"
::1 - - [13/Mar/2023:11:07:42 +0000] "GET /api/users/me HTTP/1.1" 200 198 "-" "PostmanRuntime/7.29.2"
::1 - - [13/Mar/2023:11:10:02 +0000] "GET /api/users/me HTTP/1.1" 200 198 "-" "PostmanRuntime/7.29.2"
::1 - - [13/Mar/2023:11:11:42 +0000] "GET /api/users/me HTTP/1.1" 200 198 "-" "PostmanRuntime/7.29.2"
::1 - - [13/Mar/2023:11:12:02 +0000] "GET /api/users/me HTTP/1.1" 200 198 "-" "PostmanRuntime/7.29.2"
::1 - - [13/Mar/2023:11:12:37 +0000] "GET /api/users/me HTTP/1.1" 200 198 "-" "PostmanRuntime/7.29.2"
::1 - - [13/Mar/2023:11:12:50 +0000] "GET /api/users/me HTTP/1.1" 200 198 "-" "PostmanRuntime/7.29.2"
::1 - - [13/Mar/2023:11:20:03 +0000] "DELETE /api/users/me HTTP/1.1" 200 42 "-" "PostmanRuntime/7.29.2"
::1 - - [13/Mar/2023:11:21:24 +0000] "DELETE /api/users/me HTTP/1.1" 200 42 "-" "PostmanRuntime/7.29.2"
::1 - - [13/Mar/2023:11:21:28 +0000] "DELETE /api/users/me HTTP/1.1" 200 42 "-" "PostmanRuntime/7.29.2"
::1 - - [13/Mar/2023:11:23:40 +0000] "POST /api/users/register HTTP/1.1" 500 183 "-" "PostmanRuntime/7.29.2"
::1 - - [13/Mar/2023:11:24:09 +0000] "POST /api/users/register HTTP/1.1" 200 42 "-" "PostmanRuntime/7.29.2"
::1 - - [13/Mar/2023:11:24:32 +0000] "POST /api/users/login HTTP/1.1" 200 179 "-" "PostmanRuntime/7.29.2"
::1 - - [13/Mar/2023:11:24:59 +0000] "GET /api/users/me HTTP/1.1" 200 199 "-" "PostmanRuntime/7.29.2"
::1 - - [13/Mar/2023:11:25:23 +0000] "DELETE /api/users/me HTTP/1.1" 200 42 "-" "PostmanRuntime/7.29.2"
::1 - - [13/Mar/2023:11:25:38 +0000] "GET /api/users/me HTTP/1.1" 200 0 "-" "PostmanRuntime/7.29.2"
::1 - - [13/Mar/2023:11:27:49 +0000] "GET /api/users/me HTTP/1.1" 400 28 "-" "PostmanRuntime/7.29.2"
::1 - - [13/Mar/2023:11:39:23 +0000] "POST /api/users/register HTTP/1.1" 200 42 "-" "PostmanRuntime/7.29.2"
::1 - - [13/Mar/2023:11:39:34 +0000] "POST /api/users/login HTTP/1.1" 200 178 "-" "PostmanRuntime/7.29.2"
::1 - - [13/Mar/2023:11:40:20 +0000] "DELETE /api/users/me HTTP/1.1" 401 50 "-" "PostmanRuntime/7.29.2"
::1 - - [13/Mar/2023:11:40:35 +0000] "DELETE /api/users/me HTTP/1.1" 200 42 "-" "PostmanRuntime/7.29.2"
::1 - - [13/Mar/2023:11:56:06 +0000] "DELETE /api/users/me HTTP/1.1" 200 42 "-" "PostmanRuntime/7.29.2"
::1 - - [13/Mar/2023:11:56:21 +0000] "DELETE /api/users/me HTTP/1.1" 200 42 "-" "PostmanRuntime/7.29.2"
::1 - - [13/Mar/2023:11:57:23 +0000] "DELETE /api/users/me HTTP/1.1" 200 42 "-" "PostmanRuntime/7.29.2"
::1 - - [13/Mar/2023:11:58:15 +0000] "DELETE /api/users/me HTTP/1.1" 200 42 "-" "PostmanRuntime/7.29.2"
::1 - - [13/Mar/2023:11:59:36 +0000] "GET /api/users/me HTTP/1.1" 400 28 "-" "PostmanRuntime/7.29.2"
::1 - - [13/Mar/2023:11:59:43 +0000] "DELETE /api/users/me HTTP/1.1" 200 42 "-" "PostmanRuntime/7.29.2"
::1 - - [13/Mar/2023:12:12:14 +0000] "DELETE /api/users/me HTTP/1.1" 401 50 "-" "PostmanRuntime/7.29.2"
::1 - - [13/Mar/2023:12:51:58 +0000] "POST /api/users/register HTTP/1.1" 500 176 "-" "PostmanRuntime/7.29.2"
::1 - - [13/Mar/2023:12:52:15 +0000] "POST /api/users/register HTTP/1.1" 200 42 "-" "PostmanRuntime/7.29.2"
::1 - - [13/Mar/2023:12:52:31 +0000] "POST /api/users/login HTTP/1.1" 200 179 "-" "PostmanRuntime/7.29.2"
::1 - - [13/Mar/2023:12:54:28 +0000] "PATCH /api/users/me/password HTTP/1.1" 400 28 "-" "PostmanRuntime/7.29.2"
::1 - - [13/Mar/2023:12:54:35 +0000] "PATCH /api/users/me/password HTTP/1.1" 200 43 "-" "PostmanRuntime/7.29.2"
::1 - - [13/Mar/2023:13:07:37 +0000] "POST /api/users/login HTTP/1.1" 200 179 "-" "PostmanRuntime/7.29.2"
::1 - - [13/Mar/2023:13:39:34 +0000] "POST /api/categories HTTP/1.1" 500 173 "-" "PostmanRuntime/7.29.2"
::1 - - [13/Mar/2023:13:39:57 +0000] "POST /api/categories HTTP/1.1" 200 43 "-" "PostmanRuntime/7.29.2"
::1 - - [13/Mar/2023:13:42:41 +0000] "POST /api/categories HTTP/1.1" 200 43 "-" "PostmanRuntime/7.29.2"
::1 - - [13/Mar/2023:13:43:05 +0000] "POST /api/categories HTTP/1.1" 200 43 "-" "PostmanRuntime/7.29.2"
::1 - - [13/Mar/2023:13:43:35 +0000] "POST /api/categories HTTP/1.1" 500 172 "-" "PostmanRuntime/7.29.2"
::1 - - [13/Mar/2023:13:45:17 +0000] "POST /api/categories HTTP/1.1" 500 172 "-" "PostmanRuntime/7.29.2"
::1 - - [13/Mar/2023:13:46:21 +0000] "POST /api/categories HTTP/1.1" 500 172 "-" "PostmanRuntime/7.29.2"
::1 - - [13/Mar/2023:13:47:22 +0000] "POST /api/categories HTTP/1.1" 500 172 "-" "PostmanRuntime/7.29.2"
::1 - - [13/Mar/2023:13:47:28 +0000] "POST /api/categories HTTP/1.1" 200 43 "-" "PostmanRuntime/7.29.2"
::1 - - [13/Mar/2023:13:56:37 +0000] "GET /api/categories HTTP/1.1" 200 171 "-" "PostmanRuntime/7.29.2"
::1 - - [13/Mar/2023:14:05:13 +0000] "GET /api/categories/640f27ad54341a5100976d4e HTTP/1.1" 200 167 "-" "PostmanRuntime/7.29.2"
::1 - - [13/Mar/2023:14:54:06 +0000] "PATCH /api/categories/640f27ad54341a5100976d4e HTTP/1.1" 500 1333 "-" "PostmanRuntime/7.29.2"
::1 - - [13/Mar/2023:14:54:41 +0000] "PATCH /api/categories/640f27ad54341a5100976d4e HTTP/1.1" 200 51 "-" "PostmanRuntime/7.29.2"
::1 - - [13/Mar/2023:14:54:53 +0000] "PATCH /api/categories/640f27ad54341a5100976d4e HTTP/1.1" 500 172 "-" "PostmanRuntime/7.29.2"
::1 - - [13/Mar/2023:14:55:09 +0000] "PATCH /api/categories/640f27ad54341a5100976d4e HTTP/1.1" 200 51 "-" "PostmanRuntime/7.29.2"
::1 - - [13/Mar/2023:15:26:56 +0000] "DELETE /api/categories/640f27ad54341a5100976d4 HTTP/1.1" 500 611 "-" "PostmanRuntime/7.29.2"
::1 - - [13/Mar/2023:15:27:06 +0000] "DELETE /api/categories/640f27ad54341a5100976d4e HTTP/1.1" 200 43 "-" "PostmanRuntime/7.29.2"
::1 - - [13/Mar/2023:15:30:33 +0000] "POST /api/categories/ HTTP/1.1" 200 43 "-" "PostmanRuntime/7.29.2"
::1 - - [13/Mar/2023:15:31:08 +0000] "DELETE /api/categories/640f419995f16a103f96f220 HTTP/1.1" 200 43 "-" "PostmanRuntime/7.29.2"
::1 - - [13/Mar/2023:17:56:58 +0000] "POST /api/tasks HTTP/1.1" 500 204 "-" "PostmanRuntime/7.29.2"
::1 - - [13/Mar/2023:17:57:14 +0000] "POST /api/tasks HTTP/1.1" 500 181 "-" "PostmanRuntime/7.29.2"
::1 - - [13/Mar/2023:17:57:42 +0000] "POST /api/tasks HTTP/1.1" 500 181 "-" "PostmanRuntime/7.29.2"
::1 - - [13/Mar/2023:17:57:53 +0000] "POST /api/tasks HTTP/1.1" 500 181 "-" "PostmanRuntime/7.29.2"
::1 - - [13/Mar/2023:17:58:31 +0000] "POST /api/tasks HTTP/1.1" 500 182 "-" "PostmanRuntime/7.29.2"
::1 - - [13/Mar/2023:18:04:20 +0000] "POST /api/tasks HTTP/1.1" 500 177 "-" "PostmanRuntime/7.29.2"
::1 - - [13/Mar/2023:18:04:56 +0000] "POST /api/tasks HTTP/1.1" 500 177 "-" "PostmanRuntime/7.29.2"
::1 - - [13/Mar/2023:18:05:09 +0000] "POST /api/tasks HTTP/1.1" 500 177 "-" "PostmanRuntime/7.29.2"
::1 - - [13/Mar/2023:18:06:45 +0000] "POST /api/tasks HTTP/1.1" 400 39 "-" "PostmanRuntime/7.29.2"
::1 - - [13/Mar/2023:18:17:21 +0000] "GET /api/tasks HTTP/1.1" 200 399 "-" "PostmanRuntime/7.29.2"
::1 - - [13/Mar/2023:18:34:04 +0000] "GET /api/tasks/640f66351d98aeeb0cadd198 HTTP/1.1" 200 396 "-" "PostmanRuntime/7.29.2"
::1 - - [13/Mar/2023:18:34:22 +0000] "GET /api/tasks/640f66351d98aeeb0cadd19 HTTP/1.1" 500 607 "-" "PostmanRuntime/7.29.2"
::1 - - [13/Mar/2023:18:34:26 +0000] "GET /api/tasks/640f66351d98aeeb0cadd198 HTTP/1.1" 200 396 "-" "PostmanRuntime/7.29.2"
::1 - - [13/Mar/2023:18:54:12 +0000] "PUT /api/tasks/640f66351d98aeeb0cadd198 HTTP/1.1" 200 27 "-" "PostmanRuntime/7.29.2"
::1 - - [13/Mar/2023:18:56:12 +0000] "PUT /api/tasks/640f66351d98aeeb0cadd198 HTTP/1.1" 200 396 "-" "PostmanRuntime/7.29.2"
::1 - - [13/Mar/2023:18:59:29 +0000] "PUT /api/tasks/640f66351d98aeeb0cadd198 HTTP/1.1" 200 398 "-" "PostmanRuntime/7.29.2"
::1 - - [13/Mar/2023:18:59:42 +0000] "PUT /api/tasks/640f66351d98aeeb0cadd198 HTTP/1.1" 200 398 "-" "PostmanRuntime/7.29.2"
::1 - - [13/Mar/2023:19:00:36 +0000] "PUT /api/tasks/640f66351d98aeeb0cadd198 HTTP/1.1" 500 1333 "-" "PostmanRuntime/7.29.2"
::1 - - [13/Mar/2023:19:01:55 +0000] "PATCH /api/tasks/640f66351d98aeeb0cadd198 HTTP/1.1" 200 398 "-" "PostmanRuntime/7.29.2"
::1 - - [13/Mar/2023:19:04:11 +0000] "PATCH /api/tasks/640f66351d98aeeb0cadd198 HTTP/1.1" 200 398 "-" "PostmanRuntime/7.29.2"
::1 - - [13/Mar/2023:19:05:14 +0000] "PATCH /api/tasks/640f66351d98aeeb0cadd198 HTTP/1.1" 200 398 "-" "PostmanRuntime/7.29.2"
::1 - - [13/Mar/2023:19:15:31 +0000] "PATCH /api/tasks/640f66351d98aeeb0cadd198 HTTP/1.1" 200 398 "-" "PostmanRuntime/7.29.2"
::1 - - [13/Mar/2023:19:16:56 +0000] "PATCH /api/tasks/640f66351d98aeeb0cadd198 HTTP/1.1" 200 398 "-" "PostmanRuntime/7.29.2"
::1 - - [13/Mar/2023:19:34:40 +0000] "PATCH /api/tasks/640f66351d98aeeb0cadd198 HTTP/1.1" 200 398 "-" "PostmanRuntime/7.29.2"
::1 - - [13/Mar/2023:19:45:11 +0000] "DELETE /api/tasks/640f66351d98aeeb0cadd19 HTTP/1.1" 500 607 "-" "PostmanRuntime/7.29.2"
::1 - - [13/Mar/2023:19:45:20 +0000] "DELETE /api/tasks/640f66351d98aeeb0cadd198 HTTP/1.1" 400 39 "-" "PostmanRuntime/7.29.2"
